<?xml version="1.0" encoding="UTF-8"?>
<!-- Generated by org.testng.reporters.JUnitReportReporter -->
<testsuite skipped="0" hostname="admin" name="com.testcases.SummerVacationTest" tests="1" failures="0" timestamp="11 Mar 2020 17:39:31 GMT" time="44.945" errors="0">
  <testcase name="vaccationTest" time="44.945" classname="com.testcases.SummerVacationTest"/>
</testsuite> <!-- com.testcases.SummerVacationTest -->
